<?xml version="1.0" encoding="UTF-8"?>
<!-- Generated by org.testng.reporters.JUnitReportReporter -->
<testsuite skipped="0" hostname="DESKTOP-ME2292L" name="orangeHRM.testcases.TC001_Login_DiffRoles" tests="2" failures="0" timestamp="2020-06-09T21:28:42 IST" time="21.172" errors="0">
  <testcase name="OrangeHRM_001" time="7.521" classname="orangeHRM.testcases.TC001_Login_DiffRoles"/>
  <system-out/>
  <testcase name="OrangeHRM_001" time="13.651" classname="orangeHRM.testcases.TC001_Login_DiffRoles"/>
  <system-out/>
</testsuite> <!-- orangeHRM.testcases.TC001_Login_DiffRoles -->
