<?xml version="1.0" encoding="UTF-8"?>
<!-- Generated by org.testng.reporters.JUnitReportReporter -->
<testsuite skipped="0" hostname="DESKTOP-ME2292L" name="org.baseRequest.BaseMethods" tests="1" failures="0" timestamp="2020-06-08T19:52:35 IST" time="14.374" errors="0">
  <testcase name="login" time="14.374" classname="org.baseRequest.BaseMethods"/>
  <system-out/>
</testsuite> <!-- org.baseRequest.BaseMethods -->
