<?xml version="1.0" encoding="UTF-8"?>
<!-- Generated by org.testng.reporters.JUnitReportReporter -->
<testsuite skipped="0" hostname="DESKTOP-ME2292L" name="testcases.TC001_DiffRoles_Login" tests="2" failures="0" timestamp="2020-06-09T18:57:22 IST" time="26.079" errors="0">
  <testcase name="OrangeHRM_001" time="9.471" classname="testcases.TC001_DiffRoles_Login"/>
  <system-out/>
  <testcase name="OrangeHRM_001" time="16.608" classname="testcases.TC001_DiffRoles_Login"/>
  <system-out/>
</testsuite> <!-- testcases.TC001_DiffRoles_Login -->
