<?xml version="1.0" encoding="UTF-8"?>
<!-- Generated by org.testng.reporters.JUnitReportReporter -->
<testsuite skipped="0" hostname="DESKTOP-ME2292L" name="testcases.TC001" tests="2" failures="0" timestamp="2020-06-09T10:21:52 IST" time="17.649" errors="0">
  <testcase name="OrangeHRM_001" time="10.682" classname="testcases.TC001"/>
  <system-out/>
  <testcase name="OrangeHRM_001" time="6.967" classname="testcases.TC001"/>
  <system-out/>
</testsuite> <!-- testcases.TC001 -->
