<?xml version="1.0" encoding="UTF-8"?>
<!-- Generated by org.testng.reporters.JUnitReportReporter -->
<testsuite skipped="0" hostname="DESKTOP-ME2292L" name="orangeHRM.testcases.TC002_Fetch_EmpDetails" tests="1" failures="0" timestamp="2020-06-09T21:28:42 IST" time="22.195" errors="0">
  <testcase name="OrangeHRM_002" time="22.195" classname="orangeHRM.testcases.TC002_Fetch_EmpDetails"/>
  <system-out/>
</testsuite> <!-- orangeHRM.testcases.TC002_Fetch_EmpDetails -->
