<?xml version="1.0" encoding="UTF-8"?>
<!-- Generated by org.testng.reporters.JUnitReportReporter -->
<testsuite skipped="0" hostname="DESKTOP-ME2292L" name="testcases.TC002_FetchEmpDetails" tests="1" failures="0" timestamp="2020-06-09T18:38:18 IST" time="31.228" errors="0">
  <testcase name="OrangeHRM_002" time="31.228" classname="testcases.TC002_FetchEmpDetails"/>
  <system-out/>
</testsuite> <!-- testcases.TC002_FetchEmpDetails -->
